<?xml version="1.0" encoding="UTF-8"?>
<!-- Generated by org.testng.reporters.JUnitReportReporter -->
<testsuite hostname="DESKTOP-MPKEA80" name="com.lemon.cases.LoginTest" tests="6" failures="0" timestamp="24 Jul 2019 10:56:19 GMT" time="0.774" errors="0">
  <testcase name="test" time="0.088" classname="com.lemon.cases.LoginTest"/>
  <testcase name="test" time="0.084" classname="com.lemon.cases.LoginTest"/>
  <testcase name="test" time="0.088" classname="com.lemon.cases.LoginTest"/>
  <testcase name="test" time="0.073" classname="com.lemon.cases.LoginTest"/>
  <testcase name="test" time="0.095" classname="com.lemon.cases.LoginTest"/>
  <testcase name="test" time="0.346" classname="com.lemon.cases.LoginTest"/>
</testsuite> <!-- com.lemon.cases.LoginTest -->
