<?xml version="1.0" encoding="UTF-8"?>
<!-- Generated by org.testng.reporters.JUnitReportReporter -->
<testsuite hostname="DESKTOP-MPKEA80" name="com.lemon.cases.LoginCase" tests="5" failures="0" timestamp="8 Aug 2019 11:55:56 GMT" time="0.527" errors="0">
  <testcase name="test" time="0.100" classname="com.lemon.cases.LoginCase"/>
  <testcase name="test" time="0.098" classname="com.lemon.cases.LoginCase"/>
  <testcase name="test" time="0.109" classname="com.lemon.cases.LoginCase"/>
  <testcase name="test" time="0.120" classname="com.lemon.cases.LoginCase"/>
  <testcase name="test" time="0.100" classname="com.lemon.cases.LoginCase"/>
</testsuite> <!-- com.lemon.cases.LoginCase -->
