<?xml version="1.0" encoding="UTF-8"?>
<!-- Generated by org.testng.reporters.JUnitReportReporter -->
<testsuite hostname="DESKTOP-MPKEA80" name="com.lemon.cases.RegisterCase" tests="6" failures="0" timestamp="8 Aug 2019 06:57:53 GMT" time="3.621" errors="0">
  <testcase name="test" time="0.075" classname="com.lemon.cases.RegisterCase"/>
  <testcase name="test" time="0.075" classname="com.lemon.cases.RegisterCase"/>
  <testcase name="test" time="0.076" classname="com.lemon.cases.RegisterCase"/>
  <testcase name="test" time="0.886" classname="com.lemon.cases.RegisterCase"/>
  <testcase name="test" time="0.092" classname="com.lemon.cases.RegisterCase"/>
  <testcase name="test" time="2.417" classname="com.lemon.cases.RegisterCase"/>
</testsuite> <!-- com.lemon.cases.RegisterCase -->
