<?xml version="1.0" encoding="UTF-8"?>
<!-- Generated by org.testng.reporters.JUnitReportReporter -->
<testsuite hostname="DESKTOP-MPKEA80" name="com.lemon.cases.LoginCase" tests="5" failures="0" timestamp="8 Aug 2019 06:57:53 GMT" time="0.454" errors="0">
  <testcase name="test" time="0.077" classname="com.lemon.cases.LoginCase"/>
  <testcase name="test" time="0.099" classname="com.lemon.cases.LoginCase"/>
  <testcase name="test" time="0.107" classname="com.lemon.cases.LoginCase"/>
  <testcase name="test" time="0.075" classname="com.lemon.cases.LoginCase"/>
  <testcase name="test" time="0.096" classname="com.lemon.cases.LoginCase"/>
</testsuite> <!-- com.lemon.cases.LoginCase -->
