<?xml version="1.0" encoding="UTF-8"?>
<!-- Generated by org.testng.reporters.JUnitReportReporter -->
<testsuite hostname="DESKTOP-MPKEA80" name="com.lemon.cases.RegisterCase" tests="6" failures="0" timestamp="8 Aug 2019 11:55:56 GMT" time="2.037" errors="0">
  <testcase name="test" time="0.095" classname="com.lemon.cases.RegisterCase"/>
  <testcase name="test" time="0.096" classname="com.lemon.cases.RegisterCase"/>
  <testcase name="test" time="0.097" classname="com.lemon.cases.RegisterCase"/>
  <testcase name="test" time="0.458" classname="com.lemon.cases.RegisterCase"/>
  <testcase name="test" time="1.195" classname="com.lemon.cases.RegisterCase"/>
  <testcase name="test" time="0.096" classname="com.lemon.cases.RegisterCase"/>
</testsuite> <!-- com.lemon.cases.RegisterCase -->
