<?xml version="1.0" encoding="UTF-8"?>
<!-- Generated by org.testng.reporters.JUnitReportReporter -->
<testsuite hostname="DESKTOP-MPKEA80" name="com.lemon.cases.ReChargeCase" tests="9" failures="0" timestamp="8 Aug 2019 06:57:53 GMT" time="2.047" errors="0">
  <testcase name="test" time="0.075" classname="com.lemon.cases.ReChargeCase"/>
  <testcase name="test" time="0.075" classname="com.lemon.cases.ReChargeCase"/>
  <testcase name="test" time="0.080" classname="com.lemon.cases.ReChargeCase"/>
  <testcase name="test" time="1.346" classname="com.lemon.cases.ReChargeCase"/>
  <testcase name="test" time="0.074" classname="com.lemon.cases.ReChargeCase"/>
  <testcase name="test" time="0.076" classname="com.lemon.cases.ReChargeCase"/>
  <testcase name="test" time="0.075" classname="com.lemon.cases.ReChargeCase"/>
  <testcase name="test" time="0.165" classname="com.lemon.cases.ReChargeCase"/>
  <testcase name="test" time="0.081" classname="com.lemon.cases.ReChargeCase"/>
</testsuite> <!-- com.lemon.cases.ReChargeCase -->
