<?xml version="1.0" encoding="UTF-8"?>
<!-- Generated by org.testng.reporters.JUnitReportReporter -->
<testsuite hostname="DESKTOP-MPKEA80" name="com.lemon.cases.ReChargeCase" tests="9" failures="0" timestamp="8 Aug 2019 11:55:56 GMT" time="3.796" errors="0">
  <testcase name="test" time="0.083" classname="com.lemon.cases.ReChargeCase"/>
  <testcase name="test" time="0.088" classname="com.lemon.cases.ReChargeCase"/>
  <testcase name="test" time="0.081" classname="com.lemon.cases.ReChargeCase"/>
  <testcase name="test" time="0.081" classname="com.lemon.cases.ReChargeCase"/>
  <testcase name="test" time="0.095" classname="com.lemon.cases.ReChargeCase"/>
  <testcase name="test" time="0.178" classname="com.lemon.cases.ReChargeCase"/>
  <testcase name="test" time="0.101" classname="com.lemon.cases.ReChargeCase"/>
  <testcase name="test" time="3.004" classname="com.lemon.cases.ReChargeCase"/>
  <testcase name="test" time="0.085" classname="com.lemon.cases.ReChargeCase"/>
</testsuite> <!-- com.lemon.cases.ReChargeCase -->
